Using pre-set license
Built from '2020.2/release' branch; Version is '2020.2.2f1 (068178b99f32) revision 426360'; Using compiler version '192528614'; Build Type 'Release'
OS: 'Windows 10 Pro; OS build 17134.1304; Version 1803; 64bit' Language: 'ru' Physical Memory: 16336 MB
BatchMode: 1, IsHumanControllingUs: 0, StartBugReporterOnCrash: 0, Is64bit: 1, IsPro: 0

 COMMAND LINE ARGUMENTS:
C:\Program Files\Unity3D\2020.2.2f1\Editor\Unity.exe
-adb2
-batchMode
-noUpm
-name
AssetImportWorker0
-projectPath
D:/UnityProjects/Big-Truck-Run
-logFile
Logs/AssetImportWorker0.log
-srvPort
55169
Successfully changed project path to: D:/UnityProjects/Big-Truck-Run
D:/UnityProjects/Big-Truck-Run
Using Asset Import Pipeline V2.
Refreshing native plugins compatible for Editor in 53.55 ms, found 0 plugins.
Preloading 0 native plugins for Editor in 0.00 ms.
Initialize engine version: 2020.2.2f1 (068178b99f32)
[Subsystems] Discovering subsystems at path C:/Program Files/Unity3D/2020.2.2f1/Editor/Data/Resources/UnitySubsystems
[Subsystems] Discovering subsystems at path D:/UnityProjects/Big-Truck-Run/Assets
GfxDevice: creating device client; threaded=0
Direct3D:
    Version:  Direct3D 11.0 [level 11.1]
    Renderer: NVIDIA GeForce GTX 1050 Ti (ID=0x1c82)
    Vendor:   
    VRAM:     4018 MB
    Driver:   27.21.14.5671
Shader 'Universal Render Pipeline/Particles/Lit': fallback shader 'Universal Render Pipeline/Particles/SimpleLit' not found
Initialize mono
Mono path[0] = 'C:/Program Files/Unity3D/2020.2.2f1/Editor/Data/Managed'
Mono path[1] = 'C:/Program Files/Unity3D/2020.2.2f1/Editor/Data/MonoBleedingEdge/lib/mono/unityjit'
Mono config path = 'C:/Program Files/Unity3D/2020.2.2f1/Editor/Data/MonoBleedingEdge/etc'
Using monoOptions --debugger-agent=transport=dt_socket,embedding=1,server=y,suspend=n,address=127.0.0.1:56808
Begin MonoManager ReloadAssembly
Registering precompiled unity dll's ...
Register platform support module: C:/Program Files/Unity3D/2020.2.2f1/Editor/Data/PlaybackEngines/WindowsStandaloneSupport/UnityEditor.WindowsStandalone.Extensions.dll
Registered in 0.002742 seconds.
Native extension for WindowsStandalone target not found
Refreshing native plugins compatible for Editor in 49.40 ms, found 0 plugins.
Preloading 0 native plugins for Editor in 0.00 ms.
Invoked RoslynAnalysisRunner static constructor.
RoslynAnalysisRunner will not be running.
RoslynAnalysisRunner has terminated.
Mono: successfully reloaded assembly
- Completed reload, in  3.113 seconds
Platform modules already initialized, skipping
Registering precompiled user dll's ...
Registered in 0.001772 seconds.
Begin MonoManager ReloadAssembly
Native extension for WindowsStandalone target not found
Refreshing native plugins compatible for Editor in 50.22 ms, found 0 plugins.
Preloading 0 native plugins for Editor in 0.00 ms.
Invoked RoslynAnalysisRunner static constructor.
RoslynAnalysisRunner will not be running.
RoslynAnalysisRunner has terminated.
Mono: successfully reloaded assembly
- Completed reload, in  1.048 seconds
Platform modules already initialized, skipping
========================================================================
Worker process is ready to serve import requests
Shader 'Universal Render Pipeline/Particles/Lit': fallback shader 'Universal Render Pipeline/Particles/SimpleLit' not found
Launched and connected shader compiler UnityShaderCompiler.exe after 0.10 seconds
Refreshing native plugins compatible for Editor in 0.50 ms, found 0 plugins.
Preloading 0 native plugins for Editor in 0.00 ms.
Unloading 2457 Unused Serialized files (Serialized files now loaded: 0)
System memory in use before: 116.0 MB.
System memory in use after: 116.2 MB.

Unloading 10 unused Assets to reduce memory usage. Loaded Objects now: 2899.
Total: 2.480922 ms (FindLiveObjects: 0.247932 ms CreateObjectMapping: 0.122843 ms MarkObjects: 1.989228 ms  DeleteObjects: 0.119957 ms)

========================================================================
Received Import Request.
  path: Assets/Prefabs/Levels/Level14.prefab
  artifactKey: Guid(6c9343a7841e31a48ac13ded43b7ac85) Importer(815301076,1909f56bfc062723c751e8b465ee728b)
Start importing Assets/Prefabs/Levels/Level14.prefab using Guid(6c9343a7841e31a48ac13ded43b7ac85) Importer(815301076,1909f56bfc062723c751e8b465ee728b)  -> (artifact id: '0f2abe6701fed9476deeca8353f09dfd') in 0.270191 seconds
  Import took 0.275652 seconds .

========================================================================
Received Import Request.
  Time since last request: 75.578667 seconds.
  path: Assets/Prefabs/Levels/Level14.prefab
  artifactKey: Guid(6c9343a7841e31a48ac13ded43b7ac85) Importer(815301076,1909f56bfc062723c751e8b465ee728b)
Start importing Assets/Prefabs/Levels/Level14.prefab using Guid(6c9343a7841e31a48ac13ded43b7ac85) Importer(815301076,1909f56bfc062723c751e8b465ee728b)  -> (artifact id: '920587ddddbd5925567c79060c474080') in 0.020949 seconds
  Import took 0.026708 seconds .

========================================================================
Received Import Request.
  Time since last request: 0.589710 seconds.
  path: Assets/Prefabs/Levels/Level14.prefab
  artifactKey: Guid(6c9343a7841e31a48ac13ded43b7ac85) Importer(815301076,1909f56bfc062723c751e8b465ee728b)
Start importing Assets/Prefabs/Levels/Level14.prefab using Guid(6c9343a7841e31a48ac13ded43b7ac85) Importer(815301076,1909f56bfc062723c751e8b465ee728b)  -> (artifact id: 'd36f9948603cc03d78676b8d784ac02c') in 0.024158 seconds
  Import took 0.029259 seconds .

========================================================================
Received Import Request.
  Time since last request: 0.823664 seconds.
  path: Assets/Prefabs/Levels/Level14.prefab
  artifactKey: Guid(6c9343a7841e31a48ac13ded43b7ac85) Importer(815301076,1909f56bfc062723c751e8b465ee728b)
Start importing Assets/Prefabs/Levels/Level14.prefab using Guid(6c9343a7841e31a48ac13ded43b7ac85) Importer(815301076,1909f56bfc062723c751e8b465ee728b)  -> (artifact id: '5af7351ec32725d1cfec6a6708989d2b') in 0.021177 seconds
  Import took 0.027032 seconds .

========================================================================
Received Import Request.
  Time since last request: 4.226414 seconds.
  path: Assets/Prefabs/Levels/Level14.prefab
  artifactKey: Guid(6c9343a7841e31a48ac13ded43b7ac85) Importer(815301076,1909f56bfc062723c751e8b465ee728b)
Start importing Assets/Prefabs/Levels/Level14.prefab using Guid(6c9343a7841e31a48ac13ded43b7ac85) Importer(815301076,1909f56bfc062723c751e8b465ee728b)  -> (artifact id: '1f17a9323576998c2687d079ff48e4c6') in 0.020940 seconds
  Import took 0.026188 seconds .

========================================================================
Received Import Request.
  Time since last request: 0.985754 seconds.
  path: Assets/Prefabs/Levels/Level14.prefab
  artifactKey: Guid(6c9343a7841e31a48ac13ded43b7ac85) Importer(815301076,1909f56bfc062723c751e8b465ee728b)
Start importing Assets/Prefabs/Levels/Level14.prefab using Guid(6c9343a7841e31a48ac13ded43b7ac85) Importer(815301076,1909f56bfc062723c751e8b465ee728b)  -> (artifact id: 'f2d43e0f5077856b3d6dc37b909a902a') in 0.020037 seconds
  Import took 0.025464 seconds .

========================================================================
Received Import Request.
  Time since last request: 1.002321 seconds.
  path: Assets/Prefabs/Levels/Level14.prefab
  artifactKey: Guid(6c9343a7841e31a48ac13ded43b7ac85) Importer(815301076,1909f56bfc062723c751e8b465ee728b)
Start importing Assets/Prefabs/Levels/Level14.prefab using Guid(6c9343a7841e31a48ac13ded43b7ac85) Importer(815301076,1909f56bfc062723c751e8b465ee728b)  -> (artifact id: '6003fb499d98d08d1d13d80d2b71b1ab') in 0.023018 seconds
  Import took 0.028972 seconds .

========================================================================
Received Import Request.
  Time since last request: 3.790801 seconds.
  path: Assets/Prefabs/Levels/Level14.prefab
  artifactKey: Guid(6c9343a7841e31a48ac13ded43b7ac85) Importer(815301076,1909f56bfc062723c751e8b465ee728b)
Start importing Assets/Prefabs/Levels/Level14.prefab using Guid(6c9343a7841e31a48ac13ded43b7ac85) Importer(815301076,1909f56bfc062723c751e8b465ee728b)  -> (artifact id: 'b6065001ea68a3fa58b871c0e4f114bd') in 0.018114 seconds
  Import took 0.023685 seconds .

========================================================================
Received Import Request.
  Time since last request: 1.017274 seconds.
  path: Assets/Prefabs/Levels/Level14.prefab
  artifactKey: Guid(6c9343a7841e31a48ac13ded43b7ac85) Importer(815301076,1909f56bfc062723c751e8b465ee728b)
Start importing Assets/Prefabs/Levels/Level14.prefab using Guid(6c9343a7841e31a48ac13ded43b7ac85) Importer(815301076,1909f56bfc062723c751e8b465ee728b)  -> (artifact id: '17e84b05688309065e5bbe572b103946') in 0.020401 seconds
  Import took 0.025610 seconds .

========================================================================
Received Import Request.
  Time since last request: 0.964341 seconds.
  path: Assets/Prefabs/Levels/Level14.prefab
  artifactKey: Guid(6c9343a7841e31a48ac13ded43b7ac85) Importer(815301076,1909f56bfc062723c751e8b465ee728b)
Start importing Assets/Prefabs/Levels/Level14.prefab using Guid(6c9343a7841e31a48ac13ded43b7ac85) Importer(815301076,1909f56bfc062723c751e8b465ee728b)  -> (artifact id: 'eb64ddd1b89d4f33ddd0f7042b0f8375') in 0.023804 seconds
  Import took 0.030469 seconds .

========================================================================
Received Import Request.
  Time since last request: 7.049722 seconds.
  path: Assets/Prefabs/Levels/Level14.prefab
  artifactKey: Guid(6c9343a7841e31a48ac13ded43b7ac85) Importer(815301076,1909f56bfc062723c751e8b465ee728b)
Start importing Assets/Prefabs/Levels/Level14.prefab using Guid(6c9343a7841e31a48ac13ded43b7ac85) Importer(815301076,1909f56bfc062723c751e8b465ee728b)  -> (artifact id: 'f62575853076309d2bd4dfeeda02eacb') in 0.017884 seconds
  Import took 0.023144 seconds .

========================================================================
Received Import Request.
  Time since last request: 0.793768 seconds.
  path: Assets/Prefabs/Levels/Level14.prefab
  artifactKey: Guid(6c9343a7841e31a48ac13ded43b7ac85) Importer(815301076,1909f56bfc062723c751e8b465ee728b)
Start importing Assets/Prefabs/Levels/Level14.prefab using Guid(6c9343a7841e31a48ac13ded43b7ac85) Importer(815301076,1909f56bfc062723c751e8b465ee728b)  -> (artifact id: 'cc17a71d3a60f234f81814f80b24229e') in 0.018296 seconds
  Import took 0.023172 seconds .

========================================================================
Received Import Request.
  Time since last request: 0.972260 seconds.
  path: Assets/Prefabs/Levels/Level14.prefab
  artifactKey: Guid(6c9343a7841e31a48ac13ded43b7ac85) Importer(815301076,1909f56bfc062723c751e8b465ee728b)
Start importing Assets/Prefabs/Levels/Level14.prefab using Guid(6c9343a7841e31a48ac13ded43b7ac85) Importer(815301076,1909f56bfc062723c751e8b465ee728b)  -> (artifact id: '176ee429759259f7229bdeee10fcfaba') in 0.018323 seconds
  Import took 0.023275 seconds .

========================================================================
Received Import Request.
  Time since last request: 1.187076 seconds.
  path: Assets/Prefabs/Levels/Level14.prefab
  artifactKey: Guid(6c9343a7841e31a48ac13ded43b7ac85) Importer(815301076,1909f56bfc062723c751e8b465ee728b)
Start importing Assets/Prefabs/Levels/Level14.prefab using Guid(6c9343a7841e31a48ac13ded43b7ac85) Importer(815301076,1909f56bfc062723c751e8b465ee728b)  -> (artifact id: '764c9a689da7e9e925e2eada1ed4eb4b') in 0.019779 seconds
  Import took 0.024698 seconds .

========================================================================
Received Import Request.
  Time since last request: 0.788697 seconds.
  path: Assets/Prefabs/Levels/Level14.prefab
  artifactKey: Guid(6c9343a7841e31a48ac13ded43b7ac85) Importer(815301076,1909f56bfc062723c751e8b465ee728b)
Start importing Assets/Prefabs/Levels/Level14.prefab using Guid(6c9343a7841e31a48ac13ded43b7ac85) Importer(815301076,1909f56bfc062723c751e8b465ee728b)  -> (artifact id: '9d25ed97d5c379789db54d13bf0df48a') in 0.019259 seconds
  Import took 0.024713 seconds .

========================================================================
Received Import Request.
  Time since last request: 6.892274 seconds.
  path: Assets/Prefabs/Levels/Level14.prefab
  artifactKey: Guid(6c9343a7841e31a48ac13ded43b7ac85) Importer(815301076,1909f56bfc062723c751e8b465ee728b)
Start importing Assets/Prefabs/Levels/Level14.prefab using Guid(6c9343a7841e31a48ac13ded43b7ac85) Importer(815301076,1909f56bfc062723c751e8b465ee728b)  -> (artifact id: '0d71464d0092d158d24a571201c7884e') in 0.022729 seconds
  Import took 0.027898 seconds .

========================================================================
Received Import Request.
  Time since last request: 7.862869 seconds.
  path: Assets/Prefabs/Levels/Level14.prefab
  artifactKey: Guid(6c9343a7841e31a48ac13ded43b7ac85) Importer(815301076,1909f56bfc062723c751e8b465ee728b)
Start importing Assets/Prefabs/Levels/Level14.prefab using Guid(6c9343a7841e31a48ac13ded43b7ac85) Importer(815301076,1909f56bfc062723c751e8b465ee728b)  -> (artifact id: '6d10b1686b834527749eb3aa5bf47000') in 0.017346 seconds
  Import took 0.022488 seconds .

========================================================================
Received Import Request.
  Time since last request: 1.412802 seconds.
  path: Assets/Prefabs/Levels/Level14.prefab
  artifactKey: Guid(6c9343a7841e31a48ac13ded43b7ac85) Importer(815301076,1909f56bfc062723c751e8b465ee728b)
Start importing Assets/Prefabs/Levels/Level14.prefab using Guid(6c9343a7841e31a48ac13ded43b7ac85) Importer(815301076,1909f56bfc062723c751e8b465ee728b)  -> (artifact id: '3cc5f8b80609f721ef3dbfea41d2460e') in 0.015010 seconds
  Import took 0.020277 seconds .

========================================================================
Received Import Request.
  Time since last request: 3.032337 seconds.
  path: Assets/Prefabs/Levels/Level14.prefab
  artifactKey: Guid(6c9343a7841e31a48ac13ded43b7ac85) Importer(815301076,1909f56bfc062723c751e8b465ee728b)
Start importing Assets/Prefabs/Levels/Level14.prefab using Guid(6c9343a7841e31a48ac13ded43b7ac85) Importer(815301076,1909f56bfc062723c751e8b465ee728b)  -> (artifact id: 'e9984e4393844c1b69e64201c27b25e8') in 0.017360 seconds
  Import took 0.022885 seconds .

========================================================================
Received Import Request.
  Time since last request: 3.848087 seconds.
  path: Assets/Prefabs/Levels/Level14.prefab
  artifactKey: Guid(6c9343a7841e31a48ac13ded43b7ac85) Importer(815301076,1909f56bfc062723c751e8b465ee728b)
Start importing Assets/Prefabs/Levels/Level14.prefab using Guid(6c9343a7841e31a48ac13ded43b7ac85) Importer(815301076,1909f56bfc062723c751e8b465ee728b)  -> (artifact id: 'a8dcfce039142316ce1b94d919a61c59') in 0.014659 seconds
  Import took 0.019590 seconds .

========================================================================
Received Import Request.
  Time since last request: 3.151926 seconds.
  path: Assets/Prefabs/Levels/Level14.prefab
  artifactKey: Guid(6c9343a7841e31a48ac13ded43b7ac85) Importer(815301076,1909f56bfc062723c751e8b465ee728b)
Start importing Assets/Prefabs/Levels/Level14.prefab using Guid(6c9343a7841e31a48ac13ded43b7ac85) Importer(815301076,1909f56bfc062723c751e8b465ee728b)  -> (artifact id: '02aab3dcfb0ec35e587640ed4bea6688') in 0.017211 seconds
  Import took 0.022467 seconds .

========================================================================
Received Import Request.
  Time since last request: 3.572815 seconds.
  path: Assets/Prefabs/Levels/Level14.prefab
  artifactKey: Guid(6c9343a7841e31a48ac13ded43b7ac85) Importer(815301076,1909f56bfc062723c751e8b465ee728b)
Start importing Assets/Prefabs/Levels/Level14.prefab using Guid(6c9343a7841e31a48ac13ded43b7ac85) Importer(815301076,1909f56bfc062723c751e8b465ee728b)  -> (artifact id: 'a3a04c8605a946c55afd6cef17313d7e') in 0.015451 seconds
  Import took 0.020607 seconds .

========================================================================
Received Import Request.
  Time since last request: 3.255700 seconds.
  path: Assets/Prefabs/Levels/Level14.prefab
  artifactKey: Guid(6c9343a7841e31a48ac13ded43b7ac85) Importer(815301076,1909f56bfc062723c751e8b465ee728b)
Start importing Assets/Prefabs/Levels/Level14.prefab using Guid(6c9343a7841e31a48ac13ded43b7ac85) Importer(815301076,1909f56bfc062723c751e8b465ee728b)  -> (artifact id: '12260b3a48f06c6cd64c22e7eec6681c') in 0.017347 seconds
  Import took 0.022670 seconds .

========================================================================
Received Import Request.
  Time since last request: 3.464773 seconds.
  path: Assets/Prefabs/Levels/Level14.prefab
  artifactKey: Guid(6c9343a7841e31a48ac13ded43b7ac85) Importer(815301076,1909f56bfc062723c751e8b465ee728b)
Start importing Assets/Prefabs/Levels/Level14.prefab using Guid(6c9343a7841e31a48ac13ded43b7ac85) Importer(815301076,1909f56bfc062723c751e8b465ee728b)  -> (artifact id: '35219483769562242d9a881d2be3557d') in 0.017941 seconds
  Import took 0.023313 seconds .

========================================================================
Received Import Request.
  Time since last request: 2.776907 seconds.
  path: Assets/Prefabs/Levels/Level14.prefab
  artifactKey: Guid(6c9343a7841e31a48ac13ded43b7ac85) Importer(815301076,1909f56bfc062723c751e8b465ee728b)
Start importing Assets/Prefabs/Levels/Level14.prefab using Guid(6c9343a7841e31a48ac13ded43b7ac85) Importer(815301076,1909f56bfc062723c751e8b465ee728b)  -> (artifact id: 'f3dc43382e2b455ca97291427f74c37a') in 0.017562 seconds
  Import took 0.039999 seconds .

========================================================================
Received Import Request.
  Time since last request: 7.477361 seconds.
  path: Assets/Prefabs/Levels/Level14.prefab
  artifactKey: Guid(6c9343a7841e31a48ac13ded43b7ac85) Importer(815301076,1909f56bfc062723c751e8b465ee728b)
Start importing Assets/Prefabs/Levels/Level14.prefab using Guid(6c9343a7841e31a48ac13ded43b7ac85) Importer(815301076,1909f56bfc062723c751e8b465ee728b)  -> (artifact id: '85e92f147371b105aba70a0ec176b0e9') in 0.013501 seconds
  Import took 0.018370 seconds .

========================================================================
Received Import Request.
  Time since last request: 3.308961 seconds.
  path: Assets/Prefabs/Levels/Level14.prefab
  artifactKey: Guid(6c9343a7841e31a48ac13ded43b7ac85) Importer(815301076,1909f56bfc062723c751e8b465ee728b)
Start importing Assets/Prefabs/Levels/Level14.prefab using Guid(6c9343a7841e31a48ac13ded43b7ac85) Importer(815301076,1909f56bfc062723c751e8b465ee728b)  -> (artifact id: 'ee7b4eb559b97f2921a80aade9f43e05') in 0.027496 seconds
  Import took 0.032829 seconds .

========================================================================
Received Import Request.
  Time since last request: 4.784820 seconds.
  path: Assets/Prefabs/Levels/Level14.prefab
  artifactKey: Guid(6c9343a7841e31a48ac13ded43b7ac85) Importer(815301076,1909f56bfc062723c751e8b465ee728b)
Start importing Assets/Prefabs/Levels/Level14.prefab using Guid(6c9343a7841e31a48ac13ded43b7ac85) Importer(815301076,1909f56bfc062723c751e8b465ee728b)  -> (artifact id: 'ec15f035d36da741d308e0dffae21edb') in 0.015930 seconds
  Import took 0.021473 seconds .

========================================================================
Received Import Request.
  Time since last request: 2.499637 seconds.
  path: Assets/Prefabs/Levels/Level14.prefab
  artifactKey: Guid(6c9343a7841e31a48ac13ded43b7ac85) Importer(815301076,1909f56bfc062723c751e8b465ee728b)
Start importing Assets/Prefabs/Levels/Level14.prefab using Guid(6c9343a7841e31a48ac13ded43b7ac85) Importer(815301076,1909f56bfc062723c751e8b465ee728b)  -> (artifact id: 'c2258e00999ad92d12e29c5e6dc9d524') in 0.019192 seconds
  Import took 0.024514 seconds .

========================================================================
Received Import Request.
  Time since last request: 4.022683 seconds.
  path: Assets/Prefabs/Levels/Level14.prefab
  artifactKey: Guid(6c9343a7841e31a48ac13ded43b7ac85) Importer(815301076,1909f56bfc062723c751e8b465ee728b)
Start importing Assets/Prefabs/Levels/Level14.prefab using Guid(6c9343a7841e31a48ac13ded43b7ac85) Importer(815301076,1909f56bfc062723c751e8b465ee728b)  -> (artifact id: 'df2ae0d189228d5c6099641b9423a014') in 0.015881 seconds
  Import took 0.033254 seconds .

========================================================================
Received Import Request.
  Time since last request: 2.438328 seconds.
  path: Assets/Prefabs/Levels/Level14.prefab
  artifactKey: Guid(6c9343a7841e31a48ac13ded43b7ac85) Importer(815301076,1909f56bfc062723c751e8b465ee728b)
Start importing Assets/Prefabs/Levels/Level14.prefab using Guid(6c9343a7841e31a48ac13ded43b7ac85) Importer(815301076,1909f56bfc062723c751e8b465ee728b)  -> (artifact id: '883731f5fa6e67a216466c3f9bd84d70') in 0.019928 seconds
  Import took 0.025187 seconds .

========================================================================
Received Import Request.
  Time since last request: 4.630584 seconds.
  path: Assets/Prefabs/Levels/Level14.prefab
  artifactKey: Guid(6c9343a7841e31a48ac13ded43b7ac85) Importer(815301076,1909f56bfc062723c751e8b465ee728b)
Start importing Assets/Prefabs/Levels/Level14.prefab using Guid(6c9343a7841e31a48ac13ded43b7ac85) Importer(815301076,1909f56bfc062723c751e8b465ee728b)  -> (artifact id: '85fd35f803a3780e1283ddc981cdd011') in 0.016068 seconds
  Import took 0.020994 seconds .

========================================================================
Received Import Request.
  Time since last request: 3.023347 seconds.
  path: Assets/Prefabs/Levels/Level14.prefab
  artifactKey: Guid(6c9343a7841e31a48ac13ded43b7ac85) Importer(815301076,1909f56bfc062723c751e8b465ee728b)
Start importing Assets/Prefabs/Levels/Level14.prefab using Guid(6c9343a7841e31a48ac13ded43b7ac85) Importer(815301076,1909f56bfc062723c751e8b465ee728b)  -> (artifact id: 'ad84dcf03ea246096315253b526e6e02') in 0.022605 seconds
  Import took 0.027694 seconds .

========================================================================
Received Import Request.
  Time since last request: 138.696741 seconds.
  path: Assets/Prefabs/Levels/Level14.prefab
  artifactKey: Guid(6c9343a7841e31a48ac13ded43b7ac85) Importer(815301076,1909f56bfc062723c751e8b465ee728b)
Start importing Assets/Prefabs/Levels/Level14.prefab using Guid(6c9343a7841e31a48ac13ded43b7ac85) Importer(815301076,1909f56bfc062723c751e8b465ee728b)  -> (artifact id: '2506781bc71675f325d86c8a9785f9fe') in 0.020590 seconds
  Import took 0.025940 seconds .

========================================================================
Received Import Request.
  Time since last request: 3.233154 seconds.
  path: Assets/Prefabs/Levels/Level14.prefab
  artifactKey: Guid(6c9343a7841e31a48ac13ded43b7ac85) Importer(815301076,1909f56bfc062723c751e8b465ee728b)
Start importing Assets/Prefabs/Levels/Level14.prefab using Guid(6c9343a7841e31a48ac13ded43b7ac85) Importer(815301076,1909f56bfc062723c751e8b465ee728b)  -> (artifact id: '3b598a6bc2d1bacffc9b2266b401f2e2') in 0.020627 seconds
  Import took 0.025575 seconds .

========================================================================
Received Import Request.
  Time since last request: 1.174808 seconds.
  path: Assets/Prefabs/Levels/Level14.prefab
  artifactKey: Guid(6c9343a7841e31a48ac13ded43b7ac85) Importer(815301076,1909f56bfc062723c751e8b465ee728b)
Start importing Assets/Prefabs/Levels/Level14.prefab using Guid(6c9343a7841e31a48ac13ded43b7ac85) Importer(815301076,1909f56bfc062723c751e8b465ee728b)  -> (artifact id: '807f5812437d57f2c0575e4b333e9533') in 0.020026 seconds
  Import took 0.025575 seconds .

========================================================================
Received Import Request.
  Time since last request: 7.232437 seconds.
  path: Assets/Prefabs/Levels/Level14.prefab
  artifactKey: Guid(6c9343a7841e31a48ac13ded43b7ac85) Importer(815301076,1909f56bfc062723c751e8b465ee728b)
Start importing Assets/Prefabs/Levels/Level14.prefab using Guid(6c9343a7841e31a48ac13ded43b7ac85) Importer(815301076,1909f56bfc062723c751e8b465ee728b)  -> (artifact id: 'a3913f988799394bce438476c591a206') in 0.020522 seconds
  Import took 0.025765 seconds .

========================================================================
Received Import Request.
  Time since last request: 9.746650 seconds.
  path: Assets/Prefabs/Levels/Level14.prefab
  artifactKey: Guid(6c9343a7841e31a48ac13ded43b7ac85) Importer(815301076,1909f56bfc062723c751e8b465ee728b)
Start importing Assets/Prefabs/Levels/Level14.prefab using Guid(6c9343a7841e31a48ac13ded43b7ac85) Importer(815301076,1909f56bfc062723c751e8b465ee728b)  -> (artifact id: '30a9e0d53aaa8b689c9ce2e02f4b59d9') in 0.018823 seconds
  Import took 0.024051 seconds .

========================================================================
Received Import Request.
  Time since last request: 8.819381 seconds.
  path: Assets/Prefabs/Levels/Level14.prefab
  artifactKey: Guid(6c9343a7841e31a48ac13ded43b7ac85) Importer(815301076,1909f56bfc062723c751e8b465ee728b)
Start importing Assets/Prefabs/Levels/Level14.prefab using Guid(6c9343a7841e31a48ac13ded43b7ac85) Importer(815301076,1909f56bfc062723c751e8b465ee728b)  -> (artifact id: 'b67472e8d2e5593b7df92b70d80277ea') in 0.017300 seconds
  Import took 0.023114 seconds .

========================================================================
Received Import Request.
  Time since last request: 1.623351 seconds.
  path: Assets/Prefabs/Levels/Level14.prefab
  artifactKey: Guid(6c9343a7841e31a48ac13ded43b7ac85) Importer(815301076,1909f56bfc062723c751e8b465ee728b)
Start importing Assets/Prefabs/Levels/Level14.prefab using Guid(6c9343a7841e31a48ac13ded43b7ac85) Importer(815301076,1909f56bfc062723c751e8b465ee728b)  -> (artifact id: 'dbe1936e12074ec521afe0badc8a8188') in 0.017680 seconds
  Import took 0.023114 seconds .

========================================================================
Received Import Request.
  Time since last request: 1.788934 seconds.
  path: Assets/Prefabs/Levels/Level14.prefab
  artifactKey: Guid(6c9343a7841e31a48ac13ded43b7ac85) Importer(815301076,1909f56bfc062723c751e8b465ee728b)
Start importing Assets/Prefabs/Levels/Level14.prefab using Guid(6c9343a7841e31a48ac13ded43b7ac85) Importer(815301076,1909f56bfc062723c751e8b465ee728b)  -> (artifact id: 'cabc3e6b0a41e359627634093db6be32') in 0.018913 seconds
  Import took 0.024128 seconds .

========================================================================
Received Import Request.
  Time since last request: 1.407369 seconds.
  path: Assets/Prefabs/Levels/Level14.prefab
  artifactKey: Guid(6c9343a7841e31a48ac13ded43b7ac85) Importer(815301076,1909f56bfc062723c751e8b465ee728b)
Start importing Assets/Prefabs/Levels/Level14.prefab using Guid(6c9343a7841e31a48ac13ded43b7ac85) Importer(815301076,1909f56bfc062723c751e8b465ee728b)  -> (artifact id: '9a2e5b560579668791ebeb6117113ada') in 0.017746 seconds
  Import took 0.022819 seconds .

========================================================================
Received Import Request.
  Time since last request: 2.611758 seconds.
  path: Assets/Prefabs/Levels/Level14.prefab
  artifactKey: Guid(6c9343a7841e31a48ac13ded43b7ac85) Importer(815301076,1909f56bfc062723c751e8b465ee728b)
Start importing Assets/Prefabs/Levels/Level14.prefab using Guid(6c9343a7841e31a48ac13ded43b7ac85) Importer(815301076,1909f56bfc062723c751e8b465ee728b)  -> (artifact id: '644adb5e0371f76304fbbe26b3ad9576') in 0.017657 seconds
  Import took 0.023110 seconds .

========================================================================
Received Import Request.
  Time since last request: 1.590373 seconds.
  path: Assets/Prefabs/Levels/Level14.prefab
  artifactKey: Guid(6c9343a7841e31a48ac13ded43b7ac85) Importer(815301076,1909f56bfc062723c751e8b465ee728b)
Start importing Assets/Prefabs/Levels/Level14.prefab using Guid(6c9343a7841e31a48ac13ded43b7ac85) Importer(815301076,1909f56bfc062723c751e8b465ee728b)  -> (artifact id: '05a739186b51a2d7557602662d33234c') in 0.018948 seconds
  Import took 0.024436 seconds .

========================================================================
Received Import Request.
  Time since last request: 3.227626 seconds.
  path: Assets/Prefabs/Levels/Level14.prefab
  artifactKey: Guid(6c9343a7841e31a48ac13ded43b7ac85) Importer(815301076,1909f56bfc062723c751e8b465ee728b)
Start importing Assets/Prefabs/Levels/Level14.prefab using Guid(6c9343a7841e31a48ac13ded43b7ac85) Importer(815301076,1909f56bfc062723c751e8b465ee728b)  -> (artifact id: 'e4900eceacc12b9966f6fdb3fe3dd991') in 0.017881 seconds
  Import took 0.022645 seconds .

========================================================================
Received Import Request.
  Time since last request: 3.012382 seconds.
  path: Assets/Prefabs/Levels/Level14.prefab
  artifactKey: Guid(6c9343a7841e31a48ac13ded43b7ac85) Importer(815301076,1909f56bfc062723c751e8b465ee728b)
Start importing Assets/Prefabs/Levels/Level14.prefab using Guid(6c9343a7841e31a48ac13ded43b7ac85) Importer(815301076,1909f56bfc062723c751e8b465ee728b)  -> (artifact id: '5010493117c85e6556df749cdf306d89') in 0.021051 seconds
  Import took 0.027321 seconds .

========================================================================
Received Import Request.
  Time since last request: 2.356435 seconds.
  path: Assets/Prefabs/Levels/Level14.prefab
  artifactKey: Guid(6c9343a7841e31a48ac13ded43b7ac85) Importer(815301076,1909f56bfc062723c751e8b465ee728b)
Start importing Assets/Prefabs/Levels/Level14.prefab using Guid(6c9343a7841e31a48ac13ded43b7ac85) Importer(815301076,1909f56bfc062723c751e8b465ee728b)  -> (artifact id: 'fa8c77fc6329a7a59fc644d0987fe671') in 0.018257 seconds
  Import took 0.023286 seconds .

========================================================================
Received Import Request.
  Time since last request: 3.831877 seconds.
  path: Assets/Prefabs/Levels/Level14.prefab
  artifactKey: Guid(6c9343a7841e31a48ac13ded43b7ac85) Importer(815301076,1909f56bfc062723c751e8b465ee728b)
Start importing Assets/Prefabs/Levels/Level14.prefab using Guid(6c9343a7841e31a48ac13ded43b7ac85) Importer(815301076,1909f56bfc062723c751e8b465ee728b)  -> (artifact id: '1e7eb8f9248424a20346948bfc8da55e') in 0.034658 seconds
  Import took 0.039803 seconds .

========================================================================
Received Import Request.
  Time since last request: 2.859268 seconds.
  path: Assets/Prefabs/Levels/Level14.prefab
  artifactKey: Guid(6c9343a7841e31a48ac13ded43b7ac85) Importer(815301076,1909f56bfc062723c751e8b465ee728b)
Start importing Assets/Prefabs/Levels/Level14.prefab using Guid(6c9343a7841e31a48ac13ded43b7ac85) Importer(815301076,1909f56bfc062723c751e8b465ee728b)  -> (artifact id: '55838586ae482bdb87f17e21f6e0384f') in 0.016986 seconds
  Import took 0.022191 seconds .

========================================================================
Received Import Request.
  Time since last request: 3.428944 seconds.
  path: Assets/Prefabs/Levels/Level14.prefab
  artifactKey: Guid(6c9343a7841e31a48ac13ded43b7ac85) Importer(815301076,1909f56bfc062723c751e8b465ee728b)
Start importing Assets/Prefabs/Levels/Level14.prefab using Guid(6c9343a7841e31a48ac13ded43b7ac85) Importer(815301076,1909f56bfc062723c751e8b465ee728b)  -> (artifact id: '579b271366839d1150bb96c6243be1ee') in 0.021508 seconds
  Import took 0.027110 seconds .

========================================================================
Received Import Request.
  Time since last request: 46.782991 seconds.
  path: Assets/Prefabs/Levels/Level14.prefab
  artifactKey: Guid(6c9343a7841e31a48ac13ded43b7ac85) Importer(815301076,1909f56bfc062723c751e8b465ee728b)
Start importing Assets/Prefabs/Levels/Level14.prefab using Guid(6c9343a7841e31a48ac13ded43b7ac85) Importer(815301076,1909f56bfc062723c751e8b465ee728b)  -> (artifact id: '4c75b62bff32c13dc80c844f13ba3821') in 0.014521 seconds
  Import took 0.019881 seconds .

========================================================================
Received Import Request.
  Time since last request: 3.199288 seconds.
  path: Assets/Prefabs/Levels/Level14.prefab
  artifactKey: Guid(6c9343a7841e31a48ac13ded43b7ac85) Importer(815301076,1909f56bfc062723c751e8b465ee728b)
Start importing Assets/Prefabs/Levels/Level14.prefab using Guid(6c9343a7841e31a48ac13ded43b7ac85) Importer(815301076,1909f56bfc062723c751e8b465ee728b)  -> (artifact id: 'dd2037277e8549132df1725730f63d63') in 0.014047 seconds
  Import took 0.019440 seconds .

========================================================================
Received Import Request.
  Time since last request: 0.385597 seconds.
  path: Assets/Prefabs/Levels/Level14.prefab
  artifactKey: Guid(6c9343a7841e31a48ac13ded43b7ac85) Importer(815301076,1909f56bfc062723c751e8b465ee728b)
Start importing Assets/Prefabs/Levels/Level14.prefab using Guid(6c9343a7841e31a48ac13ded43b7ac85) Importer(815301076,1909f56bfc062723c751e8b465ee728b)  -> (artifact id: 'ced85b547277cc038927f4e00f4d9f8c') in 0.013401 seconds
  Import took 0.019337 seconds .

========================================================================
Received Import Request.
  Time since last request: 2.832886 seconds.
  path: Assets/Prefabs/Levels/Level14.prefab
  artifactKey: Guid(6c9343a7841e31a48ac13ded43b7ac85) Importer(815301076,1909f56bfc062723c751e8b465ee728b)
Start importing Assets/Prefabs/Levels/Level14.prefab using Guid(6c9343a7841e31a48ac13ded43b7ac85) Importer(815301076,1909f56bfc062723c751e8b465ee728b)  -> (artifact id: 'fa256014ac83b4450720da17e8af2e7e') in 0.013891 seconds
  Import took 0.019103 seconds .

========================================================================
Received Import Request.
  Time since last request: 9.374364 seconds.
  path: Assets/Prefabs/Levels/Level14.prefab
  artifactKey: Guid(6c9343a7841e31a48ac13ded43b7ac85) Importer(815301076,1909f56bfc062723c751e8b465ee728b)
Start importing Assets/Prefabs/Levels/Level14.prefab using Guid(6c9343a7841e31a48ac13ded43b7ac85) Importer(815301076,1909f56bfc062723c751e8b465ee728b)  -> (artifact id: 'f00b783d2f9d6427e3bcc556bcc0bfa0') in 0.016072 seconds
  Import took 0.021963 seconds .

========================================================================
Received Import Request.
  Time since last request: 0.610144 seconds.
  path: Assets/Prefabs/Levels/Level14.prefab
  artifactKey: Guid(6c9343a7841e31a48ac13ded43b7ac85) Importer(815301076,1909f56bfc062723c751e8b465ee728b)
Start importing Assets/Prefabs/Levels/Level14.prefab using Guid(6c9343a7841e31a48ac13ded43b7ac85) Importer(815301076,1909f56bfc062723c751e8b465ee728b)  -> (artifact id: '443f8193d1a0ef2efb38ebe64dde6e77') in 0.014096 seconds
  Import took 0.020467 seconds .

========================================================================
Received Import Request.
  Time since last request: 9.136665 seconds.
  path: Assets/Prefabs/Levels/Level14.prefab
  artifactKey: Guid(6c9343a7841e31a48ac13ded43b7ac85) Importer(815301076,1909f56bfc062723c751e8b465ee728b)
Start importing Assets/Prefabs/Levels/Level14.prefab using Guid(6c9343a7841e31a48ac13ded43b7ac85) Importer(815301076,1909f56bfc062723c751e8b465ee728b)  -> (artifact id: '3522ba7c28720e31e07c6d3c1a5e8ffc') in 0.014890 seconds
  Import took 0.021314 seconds .

========================================================================
Received Import Request.
  Time since last request: 6.705267 seconds.
  path: Assets/Prefabs/Levels/Level14.prefab
  artifactKey: Guid(6c9343a7841e31a48ac13ded43b7ac85) Importer(815301076,1909f56bfc062723c751e8b465ee728b)
Start importing Assets/Prefabs/Levels/Level14.prefab using Guid(6c9343a7841e31a48ac13ded43b7ac85) Importer(815301076,1909f56bfc062723c751e8b465ee728b)  -> (artifact id: '6b2449aa2f45efc4eb99d5080b7d9f73') in 0.024509 seconds
  Import took 0.029872 seconds .

========================================================================
Received Import Request.
  Time since last request: 0.765237 seconds.
  path: Assets/Prefabs/Levels/Level14.prefab
  artifactKey: Guid(6c9343a7841e31a48ac13ded43b7ac85) Importer(815301076,1909f56bfc062723c751e8b465ee728b)
Start importing Assets/Prefabs/Levels/Level14.prefab using Guid(6c9343a7841e31a48ac13ded43b7ac85) Importer(815301076,1909f56bfc062723c751e8b465ee728b)  -> (artifact id: '6d9ac1dc2344206fcc728cc1a9f19982') in 0.014834 seconds
  Import took 0.021002 seconds .

========================================================================
Received Import Request.
  Time since last request: 0.580154 seconds.
  path: Assets/Prefabs/Levels/Level14.prefab
  artifactKey: Guid(6c9343a7841e31a48ac13ded43b7ac85) Importer(815301076,1909f56bfc062723c751e8b465ee728b)
Start importing Assets/Prefabs/Levels/Level14.prefab using Guid(6c9343a7841e31a48ac13ded43b7ac85) Importer(815301076,1909f56bfc062723c751e8b465ee728b)  -> (artifact id: '8305e557598f83e11c5f74dc8a69e26d') in 0.014146 seconds
  Import took 0.019259 seconds .

========================================================================
Received Import Request.
  Time since last request: 2.438930 seconds.
  path: Assets/Prefabs/Levels/Level14.prefab
  artifactKey: Guid(6c9343a7841e31a48ac13ded43b7ac85) Importer(815301076,1909f56bfc062723c751e8b465ee728b)
Start importing Assets/Prefabs/Levels/Level14.prefab using Guid(6c9343a7841e31a48ac13ded43b7ac85) Importer(815301076,1909f56bfc062723c751e8b465ee728b)  -> (artifact id: '1357651f4b50d62df806789c2e843adb') in 0.015027 seconds
  Import took 0.021032 seconds .

========================================================================
Received Import Request.
  Time since last request: 5.224430 seconds.
  path: Assets/Prefabs/Levels/Level14.prefab
  artifactKey: Guid(6c9343a7841e31a48ac13ded43b7ac85) Importer(815301076,1909f56bfc062723c751e8b465ee728b)
Start importing Assets/Prefabs/Levels/Level14.prefab using Guid(6c9343a7841e31a48ac13ded43b7ac85) Importer(815301076,1909f56bfc062723c751e8b465ee728b)  -> (artifact id: '84abeeaebc7c907072bc85473dd1f037') in 0.014028 seconds
  Import took 0.018995 seconds .

========================================================================
Received Import Request.
  Time since last request: 0.383740 seconds.
  path: Assets/Prefabs/Levels/Level14.prefab
  artifactKey: Guid(6c9343a7841e31a48ac13ded43b7ac85) Importer(815301076,1909f56bfc062723c751e8b465ee728b)
Start importing Assets/Prefabs/Levels/Level14.prefab using Guid(6c9343a7841e31a48ac13ded43b7ac85) Importer(815301076,1909f56bfc062723c751e8b465ee728b)  -> (artifact id: '22ff02a1602685294f3a7ceaa5d7172a') in 0.014699 seconds
  Import took 0.019895 seconds .

========================================================================
Received Prepare
Registering precompiled user dll's ...
Registered in 0.001586 seconds.
Begin MonoManager ReloadAssembly
Native extension for WindowsStandalone target not found
Refreshing native plugins compatible for Editor in 0.65 ms, found 0 plugins.
Preloading 0 native plugins for Editor in 0.00 ms.
Invoked RoslynAnalysisRunner static constructor.
RoslynAnalysisRunner will not be running.
RoslynAnalysisRunner has terminated.
Mono: successfully reloaded assembly
- Completed reload, in  1.419 seconds
Platform modules already initialized, skipping
Switching build target platform(5) subTarget(0) extendedPlatform(0) -> platform(13) subTarget(537395200) extendedPlatform(0)
Shader 'Universal Render Pipeline/Particles/Lit': fallback shader 'Universal Render Pipeline/Particles/SimpleLit' not found
Refreshing native plugins compatible for Editor in 0.52 ms, found 0 plugins.
Preloading 0 native plugins for Editor in 0.00 ms.
Unloading 2336 Unused Serialized files (Serialized files now loaded: 0)
System memory in use before: 113.0 MB.
System memory in use after: 113.2 MB.

Unloading 5 unused Assets to reduce memory usage. Loaded Objects now: 2947.
Total: 2.534486 ms (FindLiveObjects: 0.255950 ms CreateObjectMapping: 0.113221 ms MarkObjects: 2.122977 ms  DeleteObjects: 0.041055 ms)

AssetImportParameters requested are different than current active one (requested -> active):
  custom:graphics/normal-map-encoding: 01000000000000000000000000000000 -> 02000000000000000000000000000000
========================================================================
Received Import Request.
  Time since last request: 252.989953 seconds.
  path: Assets/Prefabs/Levels/Level14.prefab
  artifactKey: Guid(6c9343a7841e31a48ac13ded43b7ac85) Importer(815301076,1909f56bfc062723c751e8b465ee728b)
Start importing Assets/Prefabs/Levels/Level14.prefab using Guid(6c9343a7841e31a48ac13ded43b7ac85) Importer(815301076,1909f56bfc062723c751e8b465ee728b)  -> (artifact id: 'e248a4df5723615c6d8b0a24cccee8b8') in 0.185935 seconds
  Import took 0.191088 seconds .

========================================================================
Received Prepare
Registering precompiled user dll's ...
Registered in 0.001584 seconds.
Begin MonoManager ReloadAssembly
Native extension for WindowsStandalone target not found
Refreshing native plugins compatible for Editor in 0.47 ms, found 0 plugins.
Preloading 0 native plugins for Editor in 0.00 ms.
Invoked RoslynAnalysisRunner static constructor.
RoslynAnalysisRunner will not be running.
RoslynAnalysisRunner has terminated.
Mono: successfully reloaded assembly
- Completed reload, in  0.952 seconds
Platform modules already initialized, skipping
Switching build target platform(5) subTarget(0) extendedPlatform(0) -> platform(13) subTarget(537395200) extendedPlatform(0)
Shader 'Universal Render Pipeline/Particles/Lit': fallback shader 'Universal Render Pipeline/Particles/SimpleLit' not found
Refreshing native plugins compatible for Editor in 0.50 ms, found 0 plugins.
Preloading 0 native plugins for Editor in 0.00 ms.
Unloading 2336 Unused Serialized files (Serialized files now loaded: 0)
System memory in use before: 113.5 MB.
System memory in use after: 113.7 MB.

Unloading 5 unused Assets to reduce memory usage. Loaded Objects now: 2985.
Total: 2.780493 ms (FindLiveObjects: 0.342871 ms CreateObjectMapping: 0.260120 ms MarkObjects: 2.129712 ms  DeleteObjects: 0.046507 ms)

AssetImportParameters requested are different than current active one (requested -> active):
  custom:graphics/normal-map-encoding: 01000000000000000000000000000000 -> 02000000000000000000000000000000
========================================================================
Received Import Request.
  Time since last request: 7.523354 seconds.
  path: Assets/Prefabs/Levels/Level14.prefab
  artifactKey: Guid(6c9343a7841e31a48ac13ded43b7ac85) Importer(815301076,1909f56bfc062723c751e8b465ee728b)
Start importing Assets/Prefabs/Levels/Level14.prefab using Guid(6c9343a7841e31a48ac13ded43b7ac85) Importer(815301076,1909f56bfc062723c751e8b465ee728b)  -> (artifact id: '596c6ffa084d16d35d21bbeb10c85b4e') in 0.176315 seconds
  Import took 0.181955 seconds .

========================================================================
Received Prepare
Registering precompiled user dll's ...
Registered in 0.002373 seconds.
Begin MonoManager ReloadAssembly
Native extension for WindowsStandalone target not found
Refreshing native plugins compatible for Editor in 0.90 ms, found 0 plugins.
Preloading 0 native plugins for Editor in 0.00 ms.
Invoked RoslynAnalysisRunner static constructor.
RoslynAnalysisRunner will not be running.
RoslynAnalysisRunner has terminated.
Mono: successfully reloaded assembly
- Completed reload, in  1.440 seconds
Platform modules already initialized, skipping
Switching build target platform(5) subTarget(0) extendedPlatform(0) -> platform(13) subTarget(537395200) extendedPlatform(0)
Shader 'Universal Render Pipeline/Particles/Lit': fallback shader 'Universal Render Pipeline/Particles/SimpleLit' not found
Refreshing native plugins compatible for Editor in 0.51 ms, found 0 plugins.
Preloading 0 native plugins for Editor in 0.00 ms.
Unloading 2336 Unused Serialized files (Serialized files now loaded: 0)
System memory in use before: 113.8 MB.
System memory in use after: 114.0 MB.

Unloading 5 unused Assets to reduce memory usage. Loaded Objects now: 3023.
Total: 3.250377 ms (FindLiveObjects: 0.302458 ms CreateObjectMapping: 0.143050 ms MarkObjects: 2.787550 ms  DeleteObjects: 0.016037 ms)

AssetImportParameters requested are different than current active one (requested -> active):
  custom:graphics/normal-map-encoding: 01000000000000000000000000000000 -> 02000000000000000000000000000000
========================================================================
Received Prepare
Registering precompiled user dll's ...
Registered in 0.001743 seconds.
Begin MonoManager ReloadAssembly
Native extension for WindowsStandalone target not found
Refreshing native plugins compatible for Editor in 0.48 ms, found 0 plugins.
Preloading 0 native plugins for Editor in 0.00 ms.
Invoked RoslynAnalysisRunner static constructor.
RoslynAnalysisRunner will not be running.
RoslynAnalysisRunner has terminated.
Mono: successfully reloaded assembly
- Completed reload, in  1.010 seconds
Platform modules already initialized, skipping
Switching build target platform(5) subTarget(0) extendedPlatform(0) -> platform(13) subTarget(537395200) extendedPlatform(0)
Shader 'Universal Render Pipeline/Particles/Lit': fallback shader 'Universal Render Pipeline/Particles/SimpleLit' not found
Refreshing native plugins compatible for Editor in 0.49 ms, found 0 plugins.
Preloading 0 native plugins for Editor in 0.00 ms.
Unloading 2336 Unused Serialized files (Serialized files now loaded: 0)
System memory in use before: 114.0 MB.
System memory in use after: 114.2 MB.

Unloading 5 unused Assets to reduce memory usage. Loaded Objects now: 3025.
Total: 2.998917 ms (FindLiveObjects: 0.336135 ms CreateObjectMapping: 0.253384 ms MarkObjects: 2.368022 ms  DeleteObjects: 0.040413 ms)

AssetImportParameters requested are different than current active one (requested -> active):
  custom:graphics/normal-map-encoding: 01000000000000000000000000000000 -> 02000000000000000000000000000000
========================================================================
Received Prepare
Registering precompiled user dll's ...
Registered in 0.001687 seconds.
Begin MonoManager ReloadAssembly
Native extension for WindowsStandalone target not found
Refreshing native plugins compatible for Editor in 0.49 ms, found 0 plugins.
Preloading 0 native plugins for Editor in 0.00 ms.
Invoked RoslynAnalysisRunner static constructor.
RoslynAnalysisRunner will not be running.
RoslynAnalysisRunner has terminated.
Mono: successfully reloaded assembly
- Completed reload, in  1.023 seconds
Platform modules already initialized, skipping
Switching build target platform(5) subTarget(0) extendedPlatform(0) -> platform(13) subTarget(537395200) extendedPlatform(0)
Shader 'Universal Render Pipeline/Particles/Lit': fallback shader 'Universal Render Pipeline/Particles/SimpleLit' not found
Refreshing native plugins compatible for Editor in 0.50 ms, found 0 plugins.
Preloading 0 native plugins for Editor in 0.00 ms.
Unloading 2336 Unused Serialized files (Serialized files now loaded: 0)
System memory in use before: 114.1 MB.
System memory in use after: 114.4 MB.

Unloading 5 unused Assets to reduce memory usage. Loaded Objects now: 3027.
Total: 2.942146 ms (FindLiveObjects: 0.339984 ms CreateObjectMapping: 0.259799 ms MarkObjects: 2.296497 ms  DeleteObjects: 0.044904 ms)

AssetImportParameters requested are different than current active one (requested -> active):
  custom:graphics/normal-map-encoding: 01000000000000000000000000000000 -> 02000000000000000000000000000000
========================================================================
Received Prepare
Registering precompiled user dll's ...
Registered in 0.001651 seconds.
Begin MonoManager ReloadAssembly
Native extension for WindowsStandalone target not found
Refreshing native plugins compatible for Editor in 0.92 ms, found 0 plugins.
Preloading 0 native plugins for Editor in 0.00 ms.
Invoked RoslynAnalysisRunner static constructor.
RoslynAnalysisRunner will not be running.
RoslynAnalysisRunner has terminated.
Mono: successfully reloaded assembly
- Completed reload, in  1.033 seconds
Platform modules already initialized, skipping
Switching build target platform(5) subTarget(0) extendedPlatform(0) -> platform(13) subTarget(537395200) extendedPlatform(0)
Shader 'Universal Render Pipeline/Particles/Lit': fallback shader 'Universal Render Pipeline/Particles/SimpleLit' not found
Refreshing native plugins compatible for Editor in 0.50 ms, found 0 plugins.
Preloading 0 native plugins for Editor in 0.00 ms.
Unloading 2336 Unused Serialized files (Serialized files now loaded: 0)
System memory in use before: 114.4 MB.
System memory in use after: 114.6 MB.

Unloading 5 unused Assets to reduce memory usage. Loaded Objects now: 3029.
Total: 3.607040 ms (FindLiveObjects: 0.394189 ms CreateObjectMapping: 0.287062 ms MarkObjects: 2.897243 ms  DeleteObjects: 0.027263 ms)

AssetImportParameters requested are different than current active one (requested -> active):
  custom:graphics/normal-map-encoding: 01000000000000000000000000000000 -> 02000000000000000000000000000000
========================================================================
Received Prepare
Registering precompiled user dll's ...
Registered in 0.001645 seconds.
Begin MonoManager ReloadAssembly
Native extension for WindowsStandalone target not found
Refreshing native plugins compatible for Editor in 0.48 ms, found 0 plugins.
Preloading 0 native plugins for Editor in 0.00 ms.
Invoked RoslynAnalysisRunner static constructor.
RoslynAnalysisRunner will not be running.
RoslynAnalysisRunner has terminated.
Mono: successfully reloaded assembly
- Completed reload, in  1.018 seconds
Platform modules already initialized, skipping
Switching build target platform(5) subTarget(0) extendedPlatform(0) -> platform(13) subTarget(537395200) extendedPlatform(0)
Shader 'Universal Render Pipeline/Particles/Lit': fallback shader 'Universal Render Pipeline/Particles/SimpleLit' not found
Refreshing native plugins compatible for Editor in 0.53 ms, found 0 plugins.
Preloading 0 native plugins for Editor in 0.00 ms.
Unloading 2336 Unused Serialized files (Serialized files now loaded: 0)
System memory in use before: 113.6 MB.
System memory in use after: 113.9 MB.

Unloading 5 unused Assets to reduce memory usage. Loaded Objects now: 3031.
Total: 2.614029 ms (FindLiveObjects: 0.260120 ms CreateObjectMapping: 0.117070 ms MarkObjects: 2.208614 ms  DeleteObjects: 0.027263 ms)

AssetImportParameters requested are different than current active one (requested -> active):
  custom:graphics/normal-map-encoding: 01000000000000000000000000000000 -> 02000000000000000000000000000000
========================================================================
Received Prepare
Registering precompiled user dll's ...
Registered in 0.001625 seconds.
Begin MonoManager ReloadAssembly
Native extension for WindowsStandalone target not found
Refreshing native plugins compatible for Editor in 0.48 ms, found 0 plugins.
Preloading 0 native plugins for Editor in 0.00 ms.
Invoked RoslynAnalysisRunner static constructor.
RoslynAnalysisRunner will not be running.
RoslynAnalysisRunner has terminated.
Mono: successfully reloaded assembly
- Completed reload, in  1.013 seconds
Platform modules already initialized, skipping
Switching build target platform(5) subTarget(0) extendedPlatform(0) -> platform(13) subTarget(537395200) extendedPlatform(0)
Shader 'Universal Render Pipeline/Particles/Lit': fallback shader 'Universal Render Pipeline/Particles/SimpleLit' not found
Refreshing native plugins compatible for Editor in 0.50 ms, found 0 plugins.
Preloading 0 native plugins for Editor in 0.00 ms.
Unloading 2336 Unused Serialized files (Serialized files now loaded: 0)
System memory in use before: 113.8 MB.
System memory in use after: 114.1 MB.

Unloading 5 unused Assets to reduce memory usage. Loaded Objects now: 3033.
Total: 3.042538 ms (FindLiveObjects: 0.338060 ms CreateObjectMapping: 0.260120 ms MarkObjects: 2.397530 ms  DeleteObjects: 0.045545 ms)

AssetImportParameters requested are different than current active one (requested -> active):
  custom:graphics/normal-map-encoding: 01000000000000000000000000000000 -> 02000000000000000000000000000000
========================================================================
Received Prepare
Registering precompiled user dll's ...
Registered in 0.001602 seconds.
Begin MonoManager ReloadAssembly
Native extension for WindowsStandalone target not found
Refreshing native plugins compatible for Editor in 0.53 ms, found 0 plugins.
Preloading 0 native plugins for Editor in 0.00 ms.
Invoked RoslynAnalysisRunner static constructor.
RoslynAnalysisRunner will not be running.
RoslynAnalysisRunner has terminated.
Mono: successfully reloaded assembly
- Completed reload, in  1.531 seconds
Platform modules already initialized, skipping
Switching build target platform(5) subTarget(0) extendedPlatform(0) -> platform(13) subTarget(537395200) extendedPlatform(0)
Shader 'Universal Render Pipeline/Particles/Lit': fallback shader 'Universal Render Pipeline/Particles/SimpleLit' not found
Refreshing native plugins compatible for Editor in 0.79 ms, found 0 plugins.
Preloading 0 native plugins for Editor in 0.00 ms.
Unloading 2336 Unused Serialized files (Serialized files now loaded: 0)
System memory in use before: 114.0 MB.
System memory in use after: 114.3 MB.

Unloading 5 unused Assets to reduce memory usage. Loaded Objects now: 3035.
Total: 3.735657 ms (FindLiveObjects: 0.431716 ms CreateObjectMapping: 0.190199 ms MarkObjects: 3.073970 ms  DeleteObjects: 0.037847 ms)

AssetImportParameters requested are different than current active one (requested -> active):
  custom:graphics/normal-map-encoding: 01000000000000000000000000000000 -> 02000000000000000000000000000000
========================================================================
Received Prepare
Registering precompiled user dll's ...
Registered in 0.001666 seconds.
Begin MonoManager ReloadAssembly
Native extension for WindowsStandalone target not found
Refreshing native plugins compatible for Editor in 0.51 ms, found 0 plugins.
Preloading 0 native plugins for Editor in 0.00 ms.
Invoked RoslynAnalysisRunner static constructor.
RoslynAnalysisRunner will not be running.
RoslynAnalysisRunner has terminated.
Mono: successfully reloaded assembly
- Completed reload, in  1.045 seconds
Platform modules already initialized, skipping
Switching build target platform(5) subTarget(0) extendedPlatform(0) -> platform(13) subTarget(537395200) extendedPlatform(0)
Shader 'Universal Render Pipeline/Particles/Lit': fallback shader 'Universal Render Pipeline/Particles/SimpleLit' not found
Refreshing native plugins compatible for Editor in 0.48 ms, found 0 plugins.
Preloading 0 native plugins for Editor in 0.00 ms.
Unloading 2336 Unused Serialized files (Serialized files now loaded: 0)
System memory in use before: 114.1 MB.
System memory in use after: 114.4 MB.

Unloading 5 unused Assets to reduce memory usage. Loaded Objects now: 3037.
Total: 2.468093 ms (FindLiveObjects: 0.265893 ms CreateObjectMapping: 0.105523 ms MarkObjects: 2.049848 ms  DeleteObjects: 0.046187 ms)

AssetImportParameters requested are different than current active one (requested -> active):
  custom:graphics/normal-map-encoding: 01000000000000000000000000000000 -> 02000000000000000000000000000000
========================================================================
Received Prepare
Registering precompiled user dll's ...
Registered in 0.002489 seconds.
Begin MonoManager ReloadAssembly
Native extension for WindowsStandalone target not found
Refreshing native plugins compatible for Editor in 0.77 ms, found 0 plugins.
Preloading 0 native plugins for Editor in 0.00 ms.
Invoked RoslynAnalysisRunner static constructor.
RoslynAnalysisRunner will not be running.
RoslynAnalysisRunner has terminated.
Mono: successfully reloaded assembly
- Completed reload, in  1.530 seconds
Platform modules already initialized, skipping
Switching build target platform(5) subTarget(0) extendedPlatform(0) -> platform(13) subTarget(537395200) extendedPlatform(0)
Shader 'Universal Render Pipeline/Particles/Lit': fallback shader 'Universal Render Pipeline/Particles/SimpleLit' not found
Refreshing native plugins compatible for Editor in 0.51 ms, found 0 plugins.
Preloading 0 native plugins for Editor in 0.00 ms.
Unloading 2336 Unused Serialized files (Serialized files now loaded: 0)
System memory in use before: 114.4 MB.
System memory in use after: 114.6 MB.

Unloading 5 unused Assets to reduce memory usage. Loaded Objects now: 3039.
Total: 3.472008 ms (FindLiveObjects: 0.551993 ms CreateObjectMapping: 0.271346 ms MarkObjects: 2.563994 ms  DeleteObjects: 0.083392 ms)

AssetImportParameters requested are different than current active one (requested -> active):
  custom:graphics/normal-map-encoding: 01000000000000000000000000000000 -> 02000000000000000000000000000000
========================================================================
Received Prepare
Registering precompiled user dll's ...
Registered in 0.001933 seconds.
Begin MonoManager ReloadAssembly
Native extension for WindowsStandalone target not found
Refreshing native plugins compatible for Editor in 1.29 ms, found 0 plugins.
Preloading 0 native plugins for Editor in 0.00 ms.
Invoked RoslynAnalysisRunner static constructor.
RoslynAnalysisRunner will not be running.
RoslynAnalysisRunner has terminated.
Mono: successfully reloaded assembly
- Completed reload, in  1.630 seconds
Platform modules already initialized, skipping
Switching build target platform(5) subTarget(0) extendedPlatform(0) -> platform(13) subTarget(537395200) extendedPlatform(0)
Shader 'Universal Render Pipeline/Particles/Lit': fallback shader 'Universal Render Pipeline/Particles/SimpleLit' not found
Refreshing native plugins compatible for Editor in 0.62 ms, found 0 plugins.
Preloading 0 native plugins for Editor in 0.00 ms.
Unloading 2336 Unused Serialized files (Serialized files now loaded: 0)
System memory in use before: 113.7 MB.
System memory in use after: 113.9 MB.

Unloading 5 unused Assets to reduce memory usage. Loaded Objects now: 3041.
Total: 3.876782 ms (FindLiveObjects: 0.724230 ms CreateObjectMapping: 0.213613 ms MarkObjects: 2.915525 ms  DeleteObjects: 0.021810 ms)

AssetImportParameters requested are different than current active one (requested -> active):
  custom:graphics/normal-map-encoding: 01000000000000000000000000000000 -> 02000000000000000000000000000000
========================================================================
Received Import Request.
  Time since last request: 1094.693469 seconds.
  path: Assets/Materials/ObstacleMat.mat
  artifactKey: Guid(073eb526ce2ee294d987a4487cc62138) Importer(815301076,1909f56bfc062723c751e8b465ee728b)
Start importing Assets/Materials/ObstacleMat.mat using Guid(073eb526ce2ee294d987a4487cc62138) Importer(815301076,1909f56bfc062723c751e8b465ee728b)  -> (artifact id: 'ddd6e002f1228579e9e6cf1f4168dff2') in 1.349515 seconds
  Import took 1.373433 seconds .

========================================================================
Received Import Request.
  Time since last request: 0.000980 seconds.
  path: Assets/Materials/BackCubeMat2.mat
  artifactKey: Guid(36570d615530a4043be63d496e48812f) Importer(815301076,1909f56bfc062723c751e8b465ee728b)
Start importing Assets/Materials/BackCubeMat2.mat using Guid(36570d615530a4043be63d496e48812f) Importer(815301076,1909f56bfc062723c751e8b465ee728b)  -> (artifact id: '2cd1efeebda5534cb565ebd584c561bf') in 1.895114 seconds
  Import took 1.902426 seconds .

========================================================================
Received Prepare
Registering precompiled user dll's ...
Registered in 0.002407 seconds.
Begin MonoManager ReloadAssembly
Native extension for WindowsStandalone target not found
Refreshing native plugins compatible for Editor in 1.10 ms, found 0 plugins.
Preloading 0 native plugins for Editor in 0.00 ms.
Invoked RoslynAnalysisRunner static constructor.
RoslynAnalysisRunner will not be running.
RoslynAnalysisRunner has terminated.
Mono: successfully reloaded assembly
- Completed reload, in  1.595 seconds
Platform modules already initialized, skipping
Switching build target platform(5) subTarget(0) extendedPlatform(0) -> platform(13) subTarget(537395200) extendedPlatform(0)
Shader 'Universal Render Pipeline/Particles/Lit': fallback shader 'Universal Render Pipeline/Particles/SimpleLit' not found
Refreshing native plugins compatible for Editor in 0.56 ms, found 0 plugins.
Preloading 0 native plugins for Editor in 0.00 ms.
Unloading 2336 Unused Serialized files (Serialized files now loaded: 0)
System memory in use before: 114.2 MB.
System memory in use after: 114.5 MB.

Unloading 5 unused Assets to reduce memory usage. Loaded Objects now: 3112.
Total: 3.292073 ms (FindLiveObjects: 0.277440 ms CreateObjectMapping: 0.118353 ms MarkObjects: 2.873508 ms  DeleteObjects: 0.021490 ms)

AssetImportParameters requested are different than current active one (requested -> active):
  custom:graphics/normal-map-encoding: 01000000000000000000000000000000 -> 02000000000000000000000000000000
========================================================================
Received Import Request.
  Time since last request: 35.465816 seconds.
  path: Assets/Materials/BackCubeMat1.mat
  artifactKey: Guid(1506780d6c3d8374590c0574da1177c9) Importer(815301076,1909f56bfc062723c751e8b465ee728b)
Start importing Assets/Materials/BackCubeMat1.mat using Guid(1506780d6c3d8374590c0574da1177c9) Importer(815301076,1909f56bfc062723c751e8b465ee728b)  -> (artifact id: 'f559be62c79dee17f047836c6229e270') in 0.704887 seconds
  Import took 0.710787 seconds .

========================================================================
Received Import Request.
  Time since last request: 0.000193 seconds.
  path: Assets/Materials/BackCubeMat4.mat
  artifactKey: Guid(c9ec953a47befc642a1480ade0c76376) Importer(815301076,1909f56bfc062723c751e8b465ee728b)
Start importing Assets/Materials/BackCubeMat4.mat using Guid(c9ec953a47befc642a1480ade0c76376) Importer(815301076,1909f56bfc062723c751e8b465ee728b)  -> (artifact id: 'e2dc626dfc4691d4eff8355de488a00c') in 0.038947 seconds
  Import took 0.044782 seconds .

========================================================================
Received Import Request.
  Time since last request: 0.000244 seconds.
  path: Assets/Materials/BackCubeMat3.mat
  artifactKey: Guid(5dfd54a546de13649896e0e6c21a42d1) Importer(815301076,1909f56bfc062723c751e8b465ee728b)
Start importing Assets/Materials/BackCubeMat3.mat using Guid(5dfd54a546de13649896e0e6c21a42d1) Importer(815301076,1909f56bfc062723c751e8b465ee728b)  -> (artifact id: '9becb5263ef9b7caf72efc5188a17a62') in 0.038385 seconds
  Import took 0.043821 seconds .

========================================================================
Received Import Request.
  Time since last request: 0.000268 seconds.
  path: Assets/Materials/CoinMat.mat
  artifactKey: Guid(c85c0da88711ac54ca0e40bdfd642f28) Importer(815301076,1909f56bfc062723c751e8b465ee728b)
Start importing Assets/Materials/CoinMat.mat using Guid(c85c0da88711ac54ca0e40bdfd642f28) Importer(815301076,1909f56bfc062723c751e8b465ee728b)  -> (artifact id: '8ed89fcdbac98593f18561084b992c43') in 0.379658 seconds
  Import took 0.384729 seconds .

========================================================================
Received Import Request.
  Time since last request: 34.823944 seconds.
  path: Assets/Materials/BackCubeMat1.mat
  artifactKey: Guid(1506780d6c3d8374590c0574da1177c9) Importer(815301076,1909f56bfc062723c751e8b465ee728b)
Start importing Assets/Materials/BackCubeMat1.mat using Guid(1506780d6c3d8374590c0574da1177c9) Importer(815301076,1909f56bfc062723c751e8b465ee728b)  -> (artifact id: '930848a087ae55084eb49eddb78f7498') in 0.019714 seconds
  Import took 0.026668 seconds .

========================================================================
Received Import Request.
  Time since last request: 0.000191 seconds.
  path: Assets/Materials/BackCubeMat4.mat
  artifactKey: Guid(c9ec953a47befc642a1480ade0c76376) Importer(815301076,1909f56bfc062723c751e8b465ee728b)
Start importing Assets/Materials/BackCubeMat4.mat using Guid(c9ec953a47befc642a1480ade0c76376) Importer(815301076,1909f56bfc062723c751e8b465ee728b)  -> (artifact id: '7eeab72ebea2f31d6ba7a6c45d98901d') in 0.035501 seconds
  Import took 0.041497 seconds .

========================================================================
Received Import Request.
  Time since last request: 0.000191 seconds.
  path: Assets/Materials/BackCubeMat3.mat
  artifactKey: Guid(5dfd54a546de13649896e0e6c21a42d1) Importer(815301076,1909f56bfc062723c751e8b465ee728b)
Start importing Assets/Materials/BackCubeMat3.mat using Guid(5dfd54a546de13649896e0e6c21a42d1) Importer(815301076,1909f56bfc062723c751e8b465ee728b)  -> (artifact id: '24361f1672d70697ff7140ba5f467ffa') in 0.033460 seconds
  Import took 0.043293 seconds .

========================================================================
Received Import Request.
  Time since last request: 0.000693 seconds.
  path: Assets/Materials/CoinMat.mat
  artifactKey: Guid(c85c0da88711ac54ca0e40bdfd642f28) Importer(815301076,1909f56bfc062723c751e8b465ee728b)
Start importing Assets/Materials/CoinMat.mat using Guid(c85c0da88711ac54ca0e40bdfd642f28) Importer(815301076,1909f56bfc062723c751e8b465ee728b)  -> (artifact id: 'e994598810cac6973f002b5b516deb99') in 0.033487 seconds
  Import took 0.040428 seconds .

========================================================================
Received Import Request.
  Time since last request: 0.000224 seconds.
  path: Assets/Materials/Truck1Mat1.mat
  artifactKey: Guid(8b7357f9a78f2b740be13ccc72e27b86) Importer(815301076,1909f56bfc062723c751e8b465ee728b)
Start importing Assets/Materials/Truck1Mat1.mat using Guid(8b7357f9a78f2b740be13ccc72e27b86) Importer(815301076,1909f56bfc062723c751e8b465ee728b)  -> (artifact id: 'd58c4be79335074151ac1cfe576bef15') in 0.033943 seconds
  Import took 0.039025 seconds .

========================================================================
Received Import Request.
  Time since last request: 0.000193 seconds.
  path: Assets/Materials/Truck1Mat2.mat
  artifactKey: Guid(6066560dff759204aa4745370d5bb1aa) Importer(815301076,1909f56bfc062723c751e8b465ee728b)
Start importing Assets/Materials/Truck1Mat2.mat using Guid(6066560dff759204aa4745370d5bb1aa) Importer(815301076,1909f56bfc062723c751e8b465ee728b)  -> (artifact id: 'a402afb0acd0d54633a7ad4e829bbaf5') in 0.037953 seconds
  Import took 0.043958 seconds .

========================================================================
Received Import Request.
  Time since last request: 0.000185 seconds.
  path: Assets/Materials/RoadMat.mat
  artifactKey: Guid(f9ebd59022fcf6348ad2149ab701fc2f) Importer(815301076,1909f56bfc062723c751e8b465ee728b)
Start importing Assets/Materials/RoadMat.mat using Guid(f9ebd59022fcf6348ad2149ab701fc2f) Importer(815301076,1909f56bfc062723c751e8b465ee728b)  -> (artifact id: 'b410d34f0a16662bf3c83d35e7b480aa') in 0.353682 seconds
  Import took 0.358774 seconds .

========================================================================
Received Import Request.
  Time since last request: 0.000180 seconds.
  path: Assets/Materials/Truck1Mat3.mat
  artifactKey: Guid(f48593025e831c340a61416d29c5bcee) Importer(815301076,1909f56bfc062723c751e8b465ee728b)
Start importing Assets/Materials/Truck1Mat3.mat using Guid(f48593025e831c340a61416d29c5bcee) Importer(815301076,1909f56bfc062723c751e8b465ee728b)  -> (artifact id: '6e49e775e5fda0fe87ed0db604be91fc') in 0.043506 seconds
  Import took 0.049018 seconds .

========================================================================
Received Import Request.
  Time since last request: 0.000218 seconds.
  path: Assets/Materials/Truck1Mat4.mat
  artifactKey: Guid(41140b236d6d6c046918106e6d96eb12) Importer(815301076,1909f56bfc062723c751e8b465ee728b)
Start importing Assets/Materials/Truck1Mat4.mat using Guid(41140b236d6d6c046918106e6d96eb12) Importer(815301076,1909f56bfc062723c751e8b465ee728b)  -> (artifact id: '94711e3cd623ed2d67fdb89284af446f') in 0.024755 seconds
  Import took 0.037304 seconds .

========================================================================
Received Import Request.
  Time since last request: 0.000764 seconds.
  path: Assets/Materials/Truck1Mat4.mat
  artifactKey: Guid(41140b236d6d6c046918106e6d96eb12) Importer(815301076,1909f56bfc062723c751e8b465ee728b)
Start importing Assets/Materials/Truck1Mat4.mat using Guid(41140b236d6d6c046918106e6d96eb12) Importer(815301076,1909f56bfc062723c751e8b465ee728b)  -> (artifact id: '94711e3cd623ed2d67fdb89284af446f') in 0.024930 seconds
  Import took 0.031066 seconds .

========================================================================
Received Import Request.
  Time since last request: 7.706851 seconds.
  path: Assets/Materials/RoadMat.mat
  artifactKey: Guid(f9ebd59022fcf6348ad2149ab701fc2f) Importer(815301076,1909f56bfc062723c751e8b465ee728b)
Start importing Assets/Materials/RoadMat.mat using Guid(f9ebd59022fcf6348ad2149ab701fc2f) Importer(815301076,1909f56bfc062723c751e8b465ee728b)  -> (artifact id: '1fbb7d88d09bdc063bea7e7737fa5668') in 0.388928 seconds
  Import took 0.397761 seconds .

========================================================================
Received Import Request.
  Time since last request: 0.000237 seconds.
  path: Assets/Materials/Truck1Mat1.mat
  artifactKey: Guid(8b7357f9a78f2b740be13ccc72e27b86) Importer(815301076,1909f56bfc062723c751e8b465ee728b)
Start importing Assets/Materials/Truck1Mat1.mat using Guid(8b7357f9a78f2b740be13ccc72e27b86) Importer(815301076,1909f56bfc062723c751e8b465ee728b)  -> (artifact id: 'bf6075601e4d4424f802a25a00f9e7d6') in 0.025326 seconds
  Import took 0.033734 seconds .

========================================================================
Received Import Request.
  Time since last request: 0.001119 seconds.
  path: Assets/Materials/Truck1Mat2.mat
  artifactKey: Guid(6066560dff759204aa4745370d5bb1aa) Importer(815301076,1909f56bfc062723c751e8b465ee728b)
Start importing Assets/Materials/Truck1Mat2.mat using Guid(6066560dff759204aa4745370d5bb1aa) Importer(815301076,1909f56bfc062723c751e8b465ee728b)  -> (artifact id: 'dce22ed39585178aeada36575f70d916') in 0.032604 seconds
  Import took 0.042301 seconds .

========================================================================
Received Import Request.
  Time since last request: 0.002010 seconds.
  path: Assets/Materials/Truck1Mat3.mat
  artifactKey: Guid(f48593025e831c340a61416d29c5bcee) Importer(815301076,1909f56bfc062723c751e8b465ee728b)
Start importing Assets/Materials/Truck1Mat3.mat using Guid(f48593025e831c340a61416d29c5bcee) Importer(815301076,1909f56bfc062723c751e8b465ee728b)  -> (artifact id: '5ebbc833928bbc254a127ce92739d828') in 0.030667 seconds
  Import took 0.038369 seconds .

========================================================================
Received Import Request.
  Time since last request: 0.000182 seconds.
  path: Assets/Materials/Truck1Mat4.mat
  artifactKey: Guid(41140b236d6d6c046918106e6d96eb12) Importer(815301076,1909f56bfc062723c751e8b465ee728b)
Start importing Assets/Materials/Truck1Mat4.mat using Guid(41140b236d6d6c046918106e6d96eb12) Importer(815301076,1909f56bfc062723c751e8b465ee728b)  -> (artifact id: '65f6f449b77b3f859c14f4327355ced6') in 0.025342 seconds
  Import took 0.032298 seconds .

========================================================================
Received Prepare
Registering precompiled user dll's ...
Registered in 0.001915 seconds.
Begin MonoManager ReloadAssembly
Native extension for WindowsStandalone target not found
Refreshing native plugins compatible for Editor in 0.77 ms, found 0 plugins.
Preloading 0 native plugins for Editor in 0.00 ms.
Invoked RoslynAnalysisRunner static constructor.
RoslynAnalysisRunner will not be running.
RoslynAnalysisRunner has terminated.
Mono: successfully reloaded assembly
- Completed reload, in  1.506 seconds
Platform modules already initialized, skipping
Switching build target platform(5) subTarget(0) extendedPlatform(0) -> platform(13) subTarget(537395200) extendedPlatform(0)
Shader 'Universal Render Pipeline/Particles/Lit': fallback shader 'Universal Render Pipeline/Particles/SimpleLit' not found
Refreshing native plugins compatible for Editor in 0.55 ms, found 0 plugins.
Preloading 0 native plugins for Editor in 0.00 ms.
Unloading 2336 Unused Serialized files (Serialized files now loaded: 0)
System memory in use before: 114.7 MB.
System memory in use after: 114.9 MB.

Unloading 5 unused Assets to reduce memory usage. Loaded Objects now: 3150.
Total: 3.949269 ms (FindLiveObjects: 0.783567 ms CreateObjectMapping: 0.375907 ms MarkObjects: 2.769267 ms  DeleteObjects: 0.018924 ms)

AssetImportParameters requested are different than current active one (requested -> active):
  custom:graphics/normal-map-encoding: 01000000000000000000000000000000 -> 02000000000000000000000000000000
========================================================================
Received Prepare
Registering precompiled user dll's ...
Registered in 0.001640 seconds.
Begin MonoManager ReloadAssembly
Native extension for WindowsStandalone target not found
Refreshing native plugins compatible for Editor in 0.52 ms, found 0 plugins.
Preloading 0 native plugins for Editor in 0.00 ms.
Invoked RoslynAnalysisRunner static constructor.
RoslynAnalysisRunner will not be running.
RoslynAnalysisRunner has terminated.
Mono: successfully reloaded assembly
- Completed reload, in  1.160 seconds
Platform modules already initialized, skipping
Switching build target platform(5) subTarget(0) extendedPlatform(0) -> platform(13) subTarget(537395200) extendedPlatform(0)
Shader 'Universal Render Pipeline/Particles/Lit': fallback shader 'Universal Render Pipeline/Particles/SimpleLit' not found
Refreshing native plugins compatible for Editor in 0.54 ms, found 0 plugins.
Preloading 0 native plugins for Editor in 0.00 ms.
Unloading 2336 Unused Serialized files (Serialized files now loaded: 0)
System memory in use before: 114.8 MB.
System memory in use after: 115.0 MB.

Unloading 5 unused Assets to reduce memory usage. Loaded Objects now: 3152.
Total: 3.056971 ms (FindLiveObjects: 0.276157 ms CreateObjectMapping: 0.120598 ms MarkObjects: 2.640972 ms  DeleteObjects: 0.017961 ms)

AssetImportParameters requested are different than current active one (requested -> active):
  custom:graphics/normal-map-encoding: 01000000000000000000000000000000 -> 02000000000000000000000000000000
========================================================================
Received Prepare
Registering precompiled user dll's ...
Registered in 0.001536 seconds.
Begin MonoManager ReloadAssembly
Native extension for WindowsStandalone target not found
Refreshing native plugins compatible for Editor in 0.54 ms, found 0 plugins.
Preloading 0 native plugins for Editor in 0.00 ms.
Invoked RoslynAnalysisRunner static constructor.
RoslynAnalysisRunner will not be running.
RoslynAnalysisRunner has terminated.
Mono: successfully reloaded assembly
- Completed reload, in  1.155 seconds
Platform modules already initialized, skipping
Switching build target platform(5) subTarget(0) extendedPlatform(0) -> platform(13) subTarget(537395200) extendedPlatform(0)
Shader 'Universal Render Pipeline/Particles/Lit': fallback shader 'Universal Render Pipeline/Particles/SimpleLit' not found
Refreshing native plugins compatible for Editor in 0.50 ms, found 0 plugins.
Preloading 0 native plugins for Editor in 0.00 ms.
Unloading 2336 Unused Serialized files (Serialized files now loaded: 0)
System memory in use before: 115.0 MB.
System memory in use after: 115.2 MB.

Unloading 5 unused Assets to reduce memory usage. Loaded Objects now: 3154.
Total: 3.138439 ms (FindLiveObjects: 0.382001 ms CreateObjectMapping: 0.265573 ms MarkObjects: 2.461357 ms  DeleteObjects: 0.028867 ms)

AssetImportParameters requested are different than current active one (requested -> active):
  custom:graphics/normal-map-encoding: 01000000000000000000000000000000 -> 02000000000000000000000000000000
========================================================================
Received Import Request.
  Time since last request: 372.178782 seconds.
  path: Assets/URP.asset
  artifactKey: Guid(aceebd531e790fe4abef7bdbced611f7) Importer(815301076,1909f56bfc062723c751e8b465ee728b)
Start importing Assets/URP.asset using Guid(aceebd531e790fe4abef7bdbced611f7) Importer(815301076,1909f56bfc062723c751e8b465ee728b)  -> (artifact id: 'd4f621e17ae8e7753d6e7bd4b9842df9') in 0.045654 seconds
  Import took 0.051763 seconds .

========================================================================
Received Prepare
Registering precompiled user dll's ...
Registered in 0.001559 seconds.
Begin MonoManager ReloadAssembly
Native extension for WindowsStandalone target not found
Refreshing native plugins compatible for Editor in 0.49 ms, found 0 plugins.
Preloading 0 native plugins for Editor in 0.00 ms.
Invoked RoslynAnalysisRunner static constructor.
RoslynAnalysisRunner will not be running.
RoslynAnalysisRunner has terminated.
Mono: successfully reloaded assembly
- Completed reload, in  1.627 seconds
Platform modules already initialized, skipping
Switching build target platform(5) subTarget(0) extendedPlatform(0) -> platform(13) subTarget(537395200) extendedPlatform(0)
Shader 'Universal Render Pipeline/Particles/Lit': fallback shader 'Universal Render Pipeline/Particles/SimpleLit' not found
Refreshing native plugins compatible for Editor in 0.67 ms, found 0 plugins.
Preloading 0 native plugins for Editor in 0.00 ms.
Unloading 2337 Unused Serialized files (Serialized files now loaded: 0)
System memory in use before: 114.4 MB.
System memory in use after: 114.6 MB.

Unloading 5 unused Assets to reduce memory usage. Loaded Objects now: 3157.
Total: 3.705186 ms (FindLiveObjects: 0.292515 ms CreateObjectMapping: 0.128617 ms MarkObjects: 3.266093 ms  DeleteObjects: 0.016999 ms)

AssetImportParameters requested are different than current active one (requested -> active):
  custom:graphics/normal-map-encoding: 01000000000000000000000000000000 -> 02000000000000000000000000000000
========================================================================
Received Import Request.
  Time since last request: 66.697578 seconds.
  path: Assets/Prefabs/Finish.prefab
  artifactKey: Guid(91d2f7ba217c49940a32c1cc2c4df4e5) Importer(815301076,1909f56bfc062723c751e8b465ee728b)
Start importing Assets/Prefabs/Finish.prefab using Guid(91d2f7ba217c49940a32c1cc2c4df4e5) Importer(815301076,1909f56bfc062723c751e8b465ee728b)  -> (artifact id: 'b71c3ee75e858fd90e403e8988b29267') in 0.217261 seconds
  Import took 0.223174 seconds .

========================================================================
Received Import Request.
  Time since last request: 6.996097 seconds.
  path: Assets/Prefabs/Finish.prefab
  artifactKey: Guid(91d2f7ba217c49940a32c1cc2c4df4e5) Importer(815301076,1909f56bfc062723c751e8b465ee728b)
Start importing Assets/Prefabs/Finish.prefab using Guid(91d2f7ba217c49940a32c1cc2c4df4e5) Importer(815301076,1909f56bfc062723c751e8b465ee728b)  -> (artifact id: '35add869d1109730915655e99be91f6f') in 0.012605 seconds
  Import took 0.018992 seconds .

========================================================================
Received Import Request.
  Time since last request: 34.067199 seconds.
  path: Assets/Materials/New Material.mat
  artifactKey: Guid(b8e245d95ff04394ba44cb4a55e24fbd) Importer(815301076,1909f56bfc062723c751e8b465ee728b)
Start importing Assets/Materials/New Material.mat using Guid(b8e245d95ff04394ba44cb4a55e24fbd) Importer(815301076,1909f56bfc062723c751e8b465ee728b)  -> (artifact id: '886efb792a9622e759c356777e219930') in 0.052603 seconds
  Import took 0.057175 seconds .

========================================================================
Received Import Request.
  Time since last request: 50.480239 seconds.
  path: Assets/TextMesh Pro/Examples & Extras/Resources/Fonts & Materials/Anton SDF.asset
  artifactKey: Guid(8a89fa14b10d46a99122fd4f73fca9a2) Importer(815301076,1909f56bfc062723c751e8b465ee728b)
Start importing Assets/TextMesh Pro/Examples & Extras/Resources/Fonts & Materials/Anton SDF.asset using Guid(8a89fa14b10d46a99122fd4f73fca9a2) Importer(815301076,1909f56bfc062723c751e8b465ee728b)  -> (artifact id: 'f4e116cfb838ad1b43170771eb90ae1b') in 0.172290 seconds
  Import took 0.182260 seconds .

========================================================================
Received Import Request.
  Time since last request: 0.000173 seconds.
  path: Assets/TextMesh Pro/Examples & Extras/Sprites/Default Sprites.png
  artifactKey: Guid(a0fc465d6cf04254a2938578735e2383) Importer(815301076,1909f56bfc062723c751e8b465ee728b)
Start importing Assets/TextMesh Pro/Examples & Extras/Sprites/Default Sprites.png using Guid(a0fc465d6cf04254a2938578735e2383) Importer(815301076,1909f56bfc062723c751e8b465ee728b)  -> (artifact id: '47378cb6cd208b92a4c59d558b1121fd') in 0.096530 seconds
  Import took 0.101047 seconds .

========================================================================
Received Import Request.
  Time since last request: 0.000174 seconds.
  path: Assets/TextMesh Pro/Examples & Extras/Resources/Fonts & Materials/Anton SDF.asset
  artifactKey: Guid(8a89fa14b10d46a99122fd4f73fca9a2) Importer(815301076,1909f56bfc062723c751e8b465ee728b)
Start importing Assets/TextMesh Pro/Examples & Extras/Resources/Fonts & Materials/Anton SDF.asset using Guid(8a89fa14b10d46a99122fd4f73fca9a2) Importer(815301076,1909f56bfc062723c751e8b465ee728b)  -> (artifact id: 'f4e116cfb838ad1b43170771eb90ae1b') in 0.014142 seconds
  Import took 0.019155 seconds .

========================================================================
Received Import Request.
  Time since last request: 0.000182 seconds.
  path: Assets/TextMesh Pro/Examples & Extras/Textures/Brushed Metal 3.jpg
  artifactKey: Guid(f88677df267a41d6be1e7a6133e7d227) Importer(815301076,1909f56bfc062723c751e8b465ee728b)
Start importing Assets/TextMesh Pro/Examples & Extras/Textures/Brushed Metal 3.jpg using Guid(f88677df267a41d6be1e7a6133e7d227) Importer(815301076,1909f56bfc062723c751e8b465ee728b)  -> (artifact id: 'd87a16f414d8aae61c9fb18b8659e38a') in 0.073018 seconds
  Import took 0.077819 seconds .

========================================================================
Received Import Request.
  Time since last request: 0.000182 seconds.
  path: Assets/TextMesh Pro/Examples & Extras/Resources/Fonts & Materials/Bangers SDF.asset
  artifactKey: Guid(125cb55b44b24c4393181402bc6200e6) Importer(815301076,1909f56bfc062723c751e8b465ee728b)
Start importing Assets/TextMesh Pro/Examples & Extras/Resources/Fonts & Materials/Bangers SDF.asset using Guid(125cb55b44b24c4393181402bc6200e6) Importer(815301076,1909f56bfc062723c751e8b465ee728b)  -> (artifact id: '471512a3d4826f63fba0304f9accc81d') in 0.096458 seconds
  Import took 0.100932 seconds .

========================================================================
Received Import Request.
  Time since last request: 0.463243 seconds.
  path: Assets/TextMesh Pro/Examples & Extras/Sprites/DropCap Numbers.psd
  artifactKey: Guid(fd09957580ac4326916010f1f260975b) Importer(815301076,1909f56bfc062723c751e8b465ee728b)
Start importing Assets/TextMesh Pro/Examples & Extras/Sprites/DropCap Numbers.psd using Guid(fd09957580ac4326916010f1f260975b) Importer(815301076,1909f56bfc062723c751e8b465ee728b)  -> (artifact id: '0f75bc0517f8c84e9f6790f1b3e3707d') in 0.143723 seconds
  Import took 0.149143 seconds .

========================================================================
Received Import Request.
  Time since last request: 0.000233 seconds.
  path: Assets/TextMesh Pro/Examples & Extras/Resources/Fonts & Materials/Electronic Highway Sign SDF.asset
  artifactKey: Guid(dc36b3fdc14f47ebb36fd484a67e268a) Importer(815301076,1909f56bfc062723c751e8b465ee728b)
Start importing Assets/TextMesh Pro/Examples & Extras/Resources/Fonts & Materials/Electronic Highway Sign SDF.asset using Guid(dc36b3fdc14f47ebb36fd484a67e268a) Importer(815301076,1909f56bfc062723c751e8b465ee728b)  -> (artifact id: '61d5d8145b59dddd72faf6290352ce13') in 0.026372 seconds
  Import took 0.031931 seconds .

========================================================================
Received Import Request.
  Time since last request: 0.000239 seconds.
  path: Assets/TextMesh Pro/Examples & Extras/Sprites/DropCap Numbers.psd
  artifactKey: Guid(fd09957580ac4326916010f1f260975b) Importer(815301076,1909f56bfc062723c751e8b465ee728b)
Start importing Assets/TextMesh Pro/Examples & Extras/Sprites/DropCap Numbers.psd using Guid(fd09957580ac4326916010f1f260975b) Importer(815301076,1909f56bfc062723c751e8b465ee728b)  -> (artifact id: '0f75bc0517f8c84e9f6790f1b3e3707d') in 0.012297 seconds
  Import took 0.017190 seconds .

========================================================================
Received Import Request.
  Time since last request: 0.000169 seconds.
  path: Assets/TextMesh Pro/Examples & Extras/Resources/Fonts & Materials/Electronic Highway Sign SDF.asset
  artifactKey: Guid(dc36b3fdc14f47ebb36fd484a67e268a) Importer(815301076,1909f56bfc062723c751e8b465ee728b)
Start importing Assets/TextMesh Pro/Examples & Extras/Resources/Fonts & Materials/Electronic Highway Sign SDF.asset using Guid(dc36b3fdc14f47ebb36fd484a67e268a) Importer(815301076,1909f56bfc062723c751e8b465ee728b)  -> (artifact id: '61d5d8145b59dddd72faf6290352ce13') in 0.013553 seconds
  Import took 0.018445 seconds .

========================================================================
Received Import Request.
  Time since last request: 0.000200 seconds.
  path: Assets/TextMesh Pro/Sprites/EmojiOne.png
  artifactKey: Guid(dffef66376be4fa480fb02b19edbe903) Importer(815301076,1909f56bfc062723c751e8b465ee728b)
Start importing Assets/TextMesh Pro/Sprites/EmojiOne.png using Guid(dffef66376be4fa480fb02b19edbe903) Importer(815301076,1909f56bfc062723c751e8b465ee728b)  -> (artifact id: '08411f90d9529b6a8f403a937d087bde') in 0.036777 seconds
  Import took 0.041809 seconds .

========================================================================
Received Import Request.
  Time since last request: 0.379996 seconds.
  path: Assets/TextMesh Pro/Examples & Extras/Textures/Floor Cement.jpg
  artifactKey: Guid(283f897e4925411ebbaa758b4cb13fc2) Importer(815301076,1909f56bfc062723c751e8b465ee728b)
Start importing Assets/TextMesh Pro/Examples & Extras/Textures/Floor Cement.jpg using Guid(283f897e4925411ebbaa758b4cb13fc2) Importer(815301076,1909f56bfc062723c751e8b465ee728b)  -> (artifact id: 'e199cb88c57346c349b556404b949419') in 0.069090 seconds
  Import took 0.073690 seconds .

========================================================================
Received Import Request.
  Time since last request: 0.000280 seconds.
  path: Assets/TextMesh Pro/Examples & Extras/Textures/Floor Tiles 1 - diffuse.jpg
  artifactKey: Guid(85ac55597b97403c82fc6601a93cf241) Importer(815301076,1909f56bfc062723c751e8b465ee728b)
Start importing Assets/TextMesh Pro/Examples & Extras/Textures/Floor Tiles 1 - diffuse.jpg using Guid(85ac55597b97403c82fc6601a93cf241) Importer(815301076,1909f56bfc062723c751e8b465ee728b)  -> (artifact id: '6694be7db57e392d9dc3758f0eb4bfed') in 0.050059 seconds
  Import took 0.054057 seconds .

========================================================================
Received Import Request.
  Time since last request: 0.435423 seconds.
  path: Assets/TextMesh Pro/Examples & Extras/Fonts/Roboto-Bold.ttf
  artifactKey: Guid(4beb055f07aaff244873dec698d0363e) Importer(815301076,1909f56bfc062723c751e8b465ee728b)
Start importing Assets/TextMesh Pro/Examples & Extras/Fonts/Roboto-Bold.ttf using Guid(4beb055f07aaff244873dec698d0363e) Importer(815301076,1909f56bfc062723c751e8b465ee728b)  -> (artifact id: '2906a67c9966114ae5466776e8ee8d9a') in 0.076856 seconds
  Import took 0.083577 seconds .

========================================================================
Received Import Request.
  Time since last request: 0.000275 seconds.
  path: Assets/TextMesh Pro/Examples & Extras/Fonts/Oswald-Bold.ttf
  artifactKey: Guid(c9f6d0e7bc8541498c9a4799ba184ede) Importer(815301076,1909f56bfc062723c751e8b465ee728b)
Start importing Assets/TextMesh Pro/Examples & Extras/Fonts/Oswald-Bold.ttf using Guid(c9f6d0e7bc8541498c9a4799ba184ede) Importer(815301076,1909f56bfc062723c751e8b465ee728b)  -> (artifact id: '3b13d524a5ba5c9aff4762cadb18455c') in 0.059770 seconds
  Import took 0.064493 seconds .

========================================================================
Received Import Request.
  Time since last request: 35.265979 seconds.
  path: Assets/Materials/FinishMat.mat
  artifactKey: Guid(b8e245d95ff04394ba44cb4a55e24fbd) Importer(815301076,1909f56bfc062723c751e8b465ee728b)
Start importing Assets/Materials/FinishMat.mat using Guid(b8e245d95ff04394ba44cb4a55e24fbd) Importer(815301076,1909f56bfc062723c751e8b465ee728b)  -> (artifact id: '94de0c9cbe97f7a0d743077ae697057a') in 0.023674 seconds
  Import took 0.030887 seconds .

AssetImportWorkerClient::OnTransportError - code=2 error=End of file
